2025-06-13 10:42:21,746 - __main__ - INFO - 🤖 Инициализация бота
2025-06-13 10:42:21,746 - __main__ - INFO - 📊 Торговая пара: BTCUSDT
2025-06-13 10:42:21,746 - __main__ - INFO - 🔧 Режим: MAINNET
2025-06-13 10:42:21,746 - __main__ - INFO - 🚀 Запуск Crypto Trading Bot (упрощенная версия)
2025-06-13 10:42:22,120 - __main__ - INFO - 🔍 Проверка подключения к Bybit...
2025-06-13 10:42:25,417 - __main__ - INFO - ✅ Подключение успешно!
2025-06-13 10:42:25,417 - __main__ - INFO - 💰 Баланс USDT: 0.00 (доступно: 0.00)
2025-06-13 10:42:25,427 - __main__ - INFO - 📊 Начинаем мониторинг рынка...
2025-06-13 10:42:29,383 - __main__ - INFO - 📈 BTCUSDT: $104586.00 | Объем 24ч: $15,717,322,895
2025-06-13 10:42:59,625 - __main__ - INFO - 📈 BTCUSDT: $104604.70 | Объем 24ч: $15,718,609,931
2025-06-13 10:43:29,867 - __main__ - INFO - 📈 BTCUSDT: $104664.20 | Объем 24ч: $15,700,187,041
2025-06-13 10:44:00,087 - __main__ - INFO - 📈 BTCUSDT: $104692.60 | Объем 24ч: $15,700,960,021
2025-06-13 10:44:30,303 - __main__ - INFO - 📈 BTCUSDT: $104668.10 | Объем 24ч: $15,703,491,234
2025-06-13 10:45:00,545 - __main__ - INFO - 📈 BTCUSDT: $104650.00 | Объем 24ч: $15,704,154,432
2025-06-13 10:45:30,787 - __main__ - INFO - 📈 BTCUSDT: $104579.00 | Объем 24ч: $15,711,977,358
2025-06-13 10:45:35,238 - __main__ - INFO - 👋 Бот остановлен
2025-06-13 10:50:58,010 - __main__ - INFO - 🤖 Инициализация бота
2025-06-13 10:50:58,010 - __main__ - INFO - 📊 Торговая пара: BTCUSDT
2025-06-13 10:50:58,010 - __main__ - INFO - 🔧 Режим: TESTNET
2025-06-13 10:50:58,011 - __main__ - INFO - 🚀 Запуск Crypto Trading Bot (упрощенная версия)
2025-06-13 10:50:58,425 - __main__ - INFO - 🔍 Проверка подключения к Bybit...
2025-06-13 10:50:58,778 - __main__ - ERROR - ❌ Ошибка подключения: bybit {"retCode":10003,"retMsg":"API key is invalid.","result":{},"retExtInfo":{},"time":1749801058678}
2025-06-13 10:50:58,779 - __main__ - ERROR - ❌ Не удалось подключиться к бирже. Проверьте настройки!
2025-06-13 10:50:58,779 - __main__ - INFO - 👋 Бот остановлен
2025-06-13 10:51:46,367 - __main__ - INFO - 🤖 Инициализация бота
2025-06-13 10:51:46,367 - __main__ - INFO - 📊 Торговая пара: BTCUSDT
2025-06-13 10:51:46,367 - __main__ - INFO - 🔧 Режим: TESTNET
2025-06-13 10:51:46,367 - __main__ - INFO - 🚀 Запуск Crypto Trading Bot (упрощенная версия)
2025-06-13 10:51:46,710 - __main__ - INFO - 🔍 Проверка подключения к Bybit...
2025-06-13 10:51:46,972 - __main__ - ERROR - ❌ Ошибка подключения: bybit {"retCode":10003,"retMsg":"API key is invalid.","result":{},"retExtInfo":{},"time":1749801106871}
2025-06-13 10:51:46,972 - __main__ - ERROR - ❌ Не удалось подключиться к бирже. Проверьте настройки!
2025-06-13 10:51:46,972 - __main__ - INFO - 👋 Бот остановлен
2025-06-13 10:55:08,418 - __main__ - INFO - 🤖 Инициализация бота
2025-06-13 10:55:08,418 - __main__ - INFO - 📊 Торговая пара: BTCUSDT
2025-06-13 10:55:08,418 - __main__ - INFO - 🔧 Режим: TESTNET
2025-06-13 10:55:08,418 - __main__ - INFO - 🚀 Запуск Crypto Trading Bot (упрощенная версия)
2025-06-13 10:55:08,783 - __main__ - INFO - 🔍 Проверка подключения к Bybit...
2025-06-13 10:55:09,395 - __main__ - ERROR - ❌ Ошибка подключения: bybit {"retCode":10003,"retMsg":"API key is invalid.","result":{},"retExtInfo":{},"time":1749801309296}
2025-06-13 10:55:09,396 - __main__ - ERROR - ❌ Не удалось подключиться к бирже. Проверьте настройки!
2025-06-13 10:55:09,396 - __main__ - INFO - 👋 Бот остановлен
2025-06-13 10:55:23,814 - __main__ - INFO - Бот запущен. Торговая пара: BTCUSDT
2025-06-13 10:55:24,114 - __main__ - ERROR - Ошибка получения данных: bybit {"retCode":10003,"retMsg":"API key is invalid.","result":{},"retExtInfo":{},"time":1749801323986}
2025-06-13 10:56:32,454 - __main__ - INFO - 🤖 Инициализация бота
2025-06-13 10:56:32,455 - __main__ - INFO - 📊 Торговая пара: BTCUSDT
2025-06-13 10:56:32,455 - __main__ - INFO - 🔧 Режим: TESTNET
2025-06-13 10:56:32,455 - __main__ - INFO - 🚀 Запуск Crypto Trading Bot (упрощенная версия)
2025-06-13 10:56:32,897 - __main__ - INFO - 🔍 Проверка подключения к Bybit...
2025-06-13 10:56:33,169 - __main__ - ERROR - ❌ Ошибка подключения: bybit {"retCode":10003,"retMsg":"API key is invalid.","result":{},"retExtInfo":{},"time":1749801393062}
2025-06-13 10:56:33,170 - __main__ - ERROR - ❌ Не удалось подключиться к бирже. Проверьте настройки!
2025-06-13 10:56:33,170 - __main__ - INFO - 👋 Бот остановлен
2025-06-13 10:59:21,048 - __main__ - INFO - 🤖 Инициализация бота
2025-06-13 10:59:21,048 - __main__ - INFO - 📊 Торговая пара: BTCUSDT
2025-06-13 10:59:21,048 - __main__ - INFO - 🔧 Режим: TESTNET
2025-06-13 10:59:21,048 - __main__ - INFO - 🚀 Запуск Crypto Trading Bot (упрощенная версия)
2025-06-13 10:59:21,433 - __main__ - INFO - 🔍 Проверка подключения к Bybit...
2025-06-13 10:59:21,723 - __main__ - ERROR - ❌ Ошибка подключения: bybit {"retCode":10003,"retMsg":"API key is invalid.","result":{},"retExtInfo":{},"time":1749801561604}
2025-06-13 10:59:21,724 - __main__ - ERROR - ❌ Не удалось подключиться к бирже. Проверьте настройки!
2025-06-13 10:59:21,724 - __main__ - INFO - 👋 Бот остановлен
2025-06-13 11:03:36,585 - __main__ - INFO - 🤖 Инициализация бота
2025-06-13 11:03:36,586 - __main__ - INFO - 📊 Торговая пара: BTCUSDT
2025-06-13 11:03:36,586 - __main__ - INFO - 🔧 Режим: TESTNET
2025-06-13 11:03:36,586 - __main__ - INFO - 🚀 Запуск Crypto Trading Bot (упрощенная версия)
2025-06-13 11:03:36,939 - __main__ - INFO - 🔍 Проверка подключения к Bybit...
2025-06-13 11:03:37,207 - __main__ - ERROR - ❌ Ошибка подключения: bybit {"retCode":10003,"retMsg":"API key is invalid.","result":{},"retExtInfo":{},"time":1749801817101}
2025-06-13 11:03:37,208 - __main__ - ERROR - ❌ Не удалось подключиться к бирже. Проверьте настройки!
2025-06-13 11:03:37,208 - __main__ - INFO - 👋 Бот остановлен
2025-06-13 11:04:56,882 - __main__ - INFO - 🤖 Инициализация бота
2025-06-13 11:04:56,883 - __main__ - INFO - 📊 Торговая пара: BTCUSDT
2025-06-13 11:04:56,883 - __main__ - INFO - 🔧 Режим: TESTNET
2025-06-13 11:04:56,883 - __main__ - INFO - 🚀 Запуск Crypto Trading Bot (упрощенная версия)
2025-06-13 11:04:57,204 - __main__ - INFO - 🔍 Проверка подключения к Bybit...
2025-06-13 11:04:57,814 - __main__ - ERROR - ❌ Ошибка подключения: bybit {"retCode":10003,"retMsg":"API key is invalid.","result":{},"retExtInfo":{},"time":1749801897713}
2025-06-13 11:04:57,814 - __main__ - ERROR - ❌ Не удалось подключиться к бирже. Проверьте настройки!
2025-06-13 11:04:57,814 - __main__ - INFO - 👋 Бот остановлен
2025-06-13 11:06:45,704 - __main__ - INFO - 🤖 Инициализация бота
2025-06-13 11:06:45,704 - __main__ - INFO - 📊 Торговая пара: BTCUSDT
2025-06-13 11:06:45,704 - __main__ - INFO - 🔧 Режим: TESTNET
2025-06-13 11:06:45,704 - __main__ - INFO - 🚀 Запуск Crypto Trading Bot (упрощенная версия)
2025-06-13 11:06:46,026 - __main__ - INFO - 🔍 Проверка подключения к Bybit...
2025-06-13 11:06:46,283 - __main__ - ERROR - ❌ Ошибка подключения: bybit {"retCode":10003,"retMsg":"API key is invalid.","result":{},"retExtInfo":{},"time":1749802006183}
2025-06-13 11:06:46,284 - __main__ - ERROR - ❌ Не удалось подключиться к бирже. Проверьте настройки!
2025-06-13 11:06:46,284 - __main__ - INFO - 👋 Бот остановлен
2025-06-13 11:13:15,984 - __main__ - INFO - 🤖 Инициализация бота
2025-06-13 11:13:15,985 - __main__ - INFO - 📊 Торговая пара: BTCUSDT
2025-06-13 11:13:15,985 - __main__ - INFO - 🔧 Режим: TESTNET
2025-06-13 11:13:15,985 - __main__ - INFO - 🚀 Запуск Crypto Trading Bot (упрощенная версия)
2025-06-13 11:13:16,322 - __main__ - INFO - 🔍 Проверка подключения к Bybit...
2025-06-13 11:13:23,075 - __main__ - INFO - ✅ Подключение успешно!
2025-06-13 11:13:23,075 - __main__ - INFO - 💰 Баланс USDT: 0.00 (доступно: 0.00)
2025-06-13 11:13:23,082 - __main__ - INFO - 📊 Начинаем мониторинг рынка...
2025-06-13 11:13:29,016 - __main__ - INFO - 📈 BTCUSDT: $107000.00 | Объем 24ч: $31,294,730
2025-06-13 11:13:59,257 - __main__ - INFO - 📈 BTCUSDT: $107000.00 | Объем 24ч: $31,284,543
2025-06-13 11:14:29,842 - __main__ - INFO - 📈 BTCUSDT: $107066.70 | Объем 24ч: $31,284,934
2025-06-13 11:15:00,079 - __main__ - INFO - 📈 BTCUSDT: $107333.40 | Объем 24ч: $31,285,042
2025-06-13 11:15:30,296 - __main__ - INFO - 📈 BTCUSDT: $108133.40 | Объем 24ч: $31,287,379
2025-06-13 11:15:32,706 - __main__ - INFO - 👋 Бот остановлен
2025-06-13 11:15:35,151 - __main__ - INFO - 🤖 Инициализация бота
2025-06-13 11:15:35,151 - __main__ - INFO - 📊 Торговая пара: BTCUSDT
2025-06-13 11:15:35,151 - __main__ - INFO - 🔧 Режим: TESTNET
2025-06-13 11:15:35,151 - __main__ - INFO - 🚀 Запуск Crypto Trading Bot (упрощенная версия)
2025-06-13 11:15:35,479 - __main__ - INFO - 🔍 Проверка подключения к Bybit...
2025-06-13 11:15:42,367 - __main__ - INFO - ✅ Подключение успешно!
2025-06-13 11:15:42,367 - __main__ - INFO - 💰 Баланс USDT: 0.00 (доступно: 0.00)
2025-06-13 11:15:42,374 - __main__ - INFO - 📊 Начинаем мониторинг рынка...
2025-06-13 11:15:45,918 - __main__ - INFO - 📈 BTCUSDT: $108133.40 | Объем 24ч: $31,287,379
2025-06-13 11:16:16,157 - __main__ - INFO - 📈 BTCUSDT: $108133.40 | Объем 24ч: $31,287,379
2025-06-13 11:16:46,371 - __main__ - INFO - 📈 BTCUSDT: $108250.00 | Объем 24ч: $31,282,743
2025-06-13 11:17:13,596 - __main__ - INFO - 👋 Бот остановлен
2025-06-13 11:17:16,054 - __main__ - INFO - 🤖 Инициализация бота
2025-06-13 11:17:16,054 - __main__ - INFO - 📊 Торговая пара: BTCUSDT
2025-06-13 11:17:16,054 - __main__ - INFO - 🔧 Режим: TESTNET
2025-06-13 11:17:16,054 - __main__ - INFO - 🚀 Запуск Crypto Trading Bot (упрощенная версия)
2025-06-13 11:17:16,409 - __main__ - INFO - 🔍 Проверка подключения к Bybit...
2025-06-13 11:17:23,238 - __main__ - INFO - ✅ Подключение успешно!
2025-06-13 11:17:23,238 - __main__ - INFO - 💰 Баланс USDT: 10000.00 (доступно: 10000.00)
2025-06-13 11:17:23,245 - __main__ - INFO - 📊 Начинаем мониторинг рынка...
2025-06-13 11:17:27,013 - __main__ - INFO - 📈 BTCUSDT: $108133.40 | Объем 24ч: $31,283,825
2025-06-13 11:17:57,220 - __main__ - INFO - 📈 BTCUSDT: $108266.70 | Объем 24ч: $31,282,545
2025-06-13 11:18:27,460 - __main__ - INFO - 📈 BTCUSDT: $108140.70 | Объем 24ч: $31,276,855
2025-06-13 11:18:57,688 - __main__ - INFO - 📈 BTCUSDT: $108140.70 | Объем 24ч: $31,276,855
2025-06-13 11:19:27,911 - __main__ - INFO - 📈 BTCUSDT: $108400.00 | Объем 24ч: $31,278,374
2025-06-13 11:19:58,121 - __main__ - INFO - 📈 BTCUSDT: $108188.10 | Объем 24ч: $31,278,847
2025-06-13 11:20:28,357 - __main__ - INFO - 📈 BTCUSDT: $108480.00 | Объем 24ч: $31,269,537
2025-06-13 11:20:58,580 - __main__ - INFO - 📈 BTCUSDT: $108270.00 | Объем 24ч: $31,269,645
2025-06-13 11:21:28,859 - __main__ - INFO - 📈 BTCUSDT: $108133.40 | Объем 24ч: $31,269,685
2025-06-13 11:21:59,112 - __main__ - INFO - 📈 BTCUSDT: $109110.50 | Объем 24ч: $31,280,563
2025-06-13 11:22:29,348 - __main__ - INFO - 📈 BTCUSDT: $109060.00 | Объем 24ч: $31,284,490
2025-06-13 11:22:59,577 - __main__ - INFO - 📈 BTCUSDT: $109160.00 | Объем 24ч: $31,270,786
2025-06-13 11:23:29,813 - __main__ - INFO - 📈 BTCUSDT: $108690.00 | Объем 24ч: $31,269,062
2025-06-13 11:24:00,093 - __main__ - INFO - 📈 BTCUSDT: $109290.00 | Объем 24ч: $31,273,973
2025-06-13 11:24:30,683 - __main__ - INFO - 📈 BTCUSDT: $109392.00 | Объем 24ч: $31,288,378
2025-06-13 11:25:00,905 - __main__ - INFO - 📈 BTCUSDT: $108657.20 | Объем 24ч: $31,297,214
2025-06-13 11:25:31,145 - __main__ - INFO - 📈 BTCUSDT: $107826.10 | Объем 24ч: $31,322,497
2025-06-13 11:26:01,732 - __main__ - INFO - 📈 BTCUSDT: $107866.70 | Объем 24ч: $31,290,814
2025-06-13 11:26:31,970 - __main__ - INFO - 📈 BTCUSDT: $109550.00 | Объем 24ч: $31,314,670
2025-06-13 11:27:02,205 - __main__ - INFO - 📈 BTCUSDT: $109200.00 | Объем 24ч: $31,320,363
2025-06-13 11:27:32,442 - __main__ - INFO - 📈 BTCUSDT: $108500.00 | Объем 24ч: $31,317,825
2025-06-13 11:28:02,669 - __main__ - INFO - 📈 BTCUSDT: $108533.40 | Объем 24ч: $31,319,235
2025-06-13 11:28:32,892 - __main__ - INFO - 📈 BTCUSDT: $108900.00 | Объем 24ч: $31,333,089
2025-06-13 11:29:03,116 - __main__ - INFO - 📈 BTCUSDT: $108800.00 | Объем 24ч: $31,326,732
2025-06-13 11:29:33,352 - __main__ - INFO - 📈 BTCUSDT: $108800.00 | Объем 24ч: $31,319,440
2025-06-13 11:30:03,605 - __main__ - INFO - 📈 BTCUSDT: $108080.80 | Объем 24ч: $31,329,610
2025-06-13 11:30:33,841 - __main__ - INFO - 📈 BTCUSDT: $107767.00 | Объем 24ч: $31,299,215
2025-06-13 11:31:04,062 - __main__ - INFO - 📈 BTCUSDT: $108828.50 | Объем 24ч: $31,307,021
2025-06-13 11:31:34,299 - __main__ - INFO - 📈 BTCUSDT: $109110.50 | Объем 24ч: $31,314,438
2025-06-13 11:32:04,512 - __main__ - INFO - 📈 BTCUSDT: $108900.50 | Объем 24ч: $31,305,550
2025-06-13 11:32:34,753 - __main__ - INFO - 📈 BTCUSDT: $108900.50 | Объем 24ч: $31,268,084
2025-06-13 11:33:04,989 - __main__ - INFO - 📈 BTCUSDT: $109149.90 | Объем 24ч: $31,268,847
2025-06-13 11:33:35,224 - __main__ - INFO - 📈 BTCUSDT: $108169.80 | Объем 24ч: $31,268,353
2025-06-13 11:34:05,462 - __main__ - INFO - 📈 BTCUSDT: $109250.00 | Объем 24ч: $31,275,750
2025-06-13 11:34:35,667 - __main__ - INFO - 📈 BTCUSDT: $108169.80 | Объем 24ч: $31,283,141
2025-06-13 11:35:05,895 - __main__ - INFO - 📈 BTCUSDT: $108750.00 | Объем 24ч: $31,285,962
2025-06-13 11:35:36,118 - __main__ - INFO - 📈 BTCUSDT: $108000.00 | Объем 24ч: $31,281,549
2025-06-13 11:36:06,330 - __main__ - INFO - 📈 BTCUSDT: $108650.00 | Объем 24ч: $31,288,500
2025-06-13 11:36:36,555 - __main__ - INFO - 📈 BTCUSDT: $108133.40 | Объем 24ч: $31,289,296
2025-06-13 11:37:06,778 - __main__ - INFO - 📈 BTCUSDT: $108308.20 | Объем 24ч: $31,290,381
2025-06-13 11:37:37,009 - __main__ - INFO - 📈 BTCUSDT: $108308.20 | Объем 24ч: $31,290,381
2025-06-13 11:38:07,275 - __main__ - INFO - 📈 BTCUSDT: $108260.00 | Объем 24ч: $31,283,242
2025-06-13 11:38:37,494 - __main__ - INFO - 📈 BTCUSDT: $108270.10 | Объем 24ч: $31,283,720
2025-06-13 11:39:07,731 - __main__ - INFO - 📈 BTCUSDT: $108266.70 | Объем 24ч: $31,285,345
2025-06-13 11:39:37,944 - __main__ - INFO - 📈 BTCUSDT: $108266.70 | Объем 24ч: $31,284,988
2025-06-13 11:40:08,182 - __main__ - INFO - 📈 BTCUSDT: $108250.00 | Объем 24ч: $31,285,638
2025-06-13 11:40:38,418 - __main__ - INFO - 📈 BTCUSDT: $108266.70 | Объем 24ч: $31,285,855
2025-06-13 11:41:08,654 - __main__ - INFO - 📈 BTCUSDT: $108155.40 | Объем 24ч: $31,258,634
2025-06-13 11:41:38,892 - __main__ - INFO - 📈 BTCUSDT: $108266.70 | Объем 24ч: $31,256,915
2025-06-13 11:42:09,129 - __main__ - INFO - 📈 BTCUSDT: $108000.00 | Объем 24ч: $31,257,672
2025-06-13 11:42:39,371 - __main__ - INFO - 📈 BTCUSDT: $108315.00 | Объем 24ч: $31,241,570
2025-06-13 11:43:09,607 - __main__ - INFO - 📈 BTCUSDT: $108215.00 | Объем 24ч: $31,251,100
2025-06-13 11:43:39,844 - __main__ - INFO - 📈 BTCUSDT: $108133.40 | Объем 24ч: $31,259,757
2025-06-13 11:44:10,080 - __main__ - INFO - 📈 BTCUSDT: $108133.40 | Объем 24ч: $31,249,930
2025-06-13 11:44:40,316 - __main__ - INFO - 📈 BTCUSDT: $108000.00 | Объем 24ч: $31,236,947
2025-06-13 11:45:10,551 - __main__ - INFO - 📈 BTCUSDT: $108000.00 | Объем 24ч: $31,236,947
2025-06-13 11:45:40,787 - __main__ - INFO - 📈 BTCUSDT: $108391.60 | Объем 24ч: $31,210,796
2025-06-13 11:46:11,025 - __main__ - INFO - 📈 BTCUSDT: $108391.60 | Объем 24ч: $31,211,012
2025-06-13 11:46:41,261 - __main__ - INFO - 📈 BTCUSDT: $108750.00 | Объем 24ч: $31,215,355
2025-06-13 11:47:11,474 - __main__ - INFO - 📈 BTCUSDT: $108750.00 | Объем 24ч: $31,210,859
2025-06-13 11:47:41,707 - __main__ - INFO - 📈 BTCUSDT: $108500.00 | Объем 24ч: $31,199,870
2025-06-13 11:48:11,915 - __main__ - INFO - 📈 BTCUSDT: $108500.00 | Объем 24ч: $31,199,870
2025-06-13 11:48:42,221 - __main__ - INFO - 📈 BTCUSDT: $108500.00 | Объем 24ч: $31,196,292
2025-06-13 11:49:12,433 - __main__ - INFO - 📈 BTCUSDT: $108533.40 | Объем 24ч: $31,196,726
2025-06-13 11:49:42,669 - __main__ - INFO - 📈 BTCUSDT: $108533.40 | Объем 24ч: $31,196,726
2025-06-13 11:50:12,904 - __main__ - INFO - 📈 BTCUSDT: $108533.40 | Объем 24ч: $31,196,922
2025-06-13 11:50:43,139 - __main__ - INFO - 📈 BTCUSDT: $108533.40 | Объем 24ч: $31,180,616
2025-06-13 11:51:13,435 - __main__ - INFO - 📈 BTCUSDT: $109666.70 | Объем 24ч: $31,187,493
2025-06-13 11:51:43,651 - __main__ - INFO - 📈 BTCUSDT: $108269.90 | Объем 24ч: $31,200,767
2025-06-13 11:52:13,887 - __main__ - INFO - 📈 BTCUSDT: $108269.90 | Объем 24ч: $31,200,767
2025-06-13 11:52:44,124 - __main__ - INFO - 📈 BTCUSDT: $108415.00 | Объем 24ч: $31,192,065
2025-06-13 11:53:14,335 - __main__ - INFO - 📈 BTCUSDT: $108415.00 | Объем 24ч: $31,192,065
2025-06-13 11:53:44,565 - __main__ - INFO - 📈 BTCUSDT: $109000.00 | Объем 24ч: $31,190,467
2025-06-13 11:54:14,812 - __main__ - INFO - 📈 BTCUSDT: $108250.00 | Объем 24ч: $31,185,803
2025-06-13 11:54:45,047 - __main__ - INFO - 📈 BTCUSDT: $107771.50 | Объем 24ч: $31,191,204
2025-06-13 11:55:15,259 - __main__ - INFO - 📈 BTCUSDT: $107771.50 | Объем 24ч: $31,203,107
2025-06-13 11:55:45,495 - __main__ - INFO - 📈 BTCUSDT: $109332.50 | Объем 24ч: $31,205,045
2025-06-13 11:56:15,734 - __main__ - INFO - 📈 BTCUSDT: $109000.00 | Объем 24ч: $31,207,011
2025-06-13 11:56:45,971 - __main__ - INFO - 📈 BTCUSDT: $109140.50 | Объем 24ч: $31,206,420
2025-06-13 11:57:16,559 - __main__ - INFO - 📈 BTCUSDT: $109153.80 | Объем 24ч: $31,203,609
2025-06-13 11:57:46,810 - __main__ - INFO - 📈 BTCUSDT: $109200.00 | Объем 24ч: $31,204,046
2025-06-13 11:58:17,412 - __main__ - INFO - 📈 BTCUSDT: $109200.00 | Объем 24ч: $31,204,046
2025-06-13 11:58:48,004 - __main__ - INFO - 📈 BTCUSDT: $108270.00 | Объем 24ч: $31,203,048
2025-06-13 11:59:18,590 - __main__ - INFO - 📈 BTCUSDT: $109500.00 | Объем 24ч: $31,212,205
2025-06-13 11:59:48,829 - __main__ - INFO - 📈 BTCUSDT: $108000.00 | Объем 24ч: $31,294,214
2025-06-13 12:00:19,414 - __main__ - INFO - 📈 BTCUSDT: $107640.00 | Объем 24ч: $31,256,600
2025-06-13 12:00:49,647 - __main__ - INFO - 📈 BTCUSDT: $107607.80 | Объем 24ч: $31,258,217
2025-06-13 12:01:19,868 - __main__ - INFO - 📈 BTCUSDT: $106666.70 | Объем 24ч: $31,283,784
2025-06-13 12:01:50,104 - __main__ - INFO - 📈 BTCUSDT: $107684.50 | Объем 24ч: $31,292,691
2025-06-13 12:02:20,342 - __main__ - INFO - 📈 BTCUSDT: $107684.50 | Объем 24ч: $31,292,691
2025-06-13 12:02:50,557 - __main__ - INFO - 📈 BTCUSDT: $106666.70 | Объем 24ч: $31,276,520
2025-06-13 12:03:20,793 - __main__ - INFO - 📈 BTCUSDT: $106666.70 | Объем 24ч: $31,227,492
2025-06-13 12:03:51,028 - __main__ - INFO - 📈 BTCUSDT: $106666.70 | Объем 24ч: $31,227,492
2025-06-13 12:04:21,268 - __main__ - INFO - 📈 BTCUSDT: $106750.00 | Объем 24ч: $31,232,621
2025-06-13 12:04:51,500 - __main__ - INFO - 📈 BTCUSDT: $106750.00 | Объем 24ч: $31,224,821
2025-06-13 12:05:21,738 - __main__ - INFO - 📈 BTCUSDT: $107495.30 | Объем 24ч: $31,232,638
2025-06-13 12:05:51,956 - __main__ - INFO - 📈 BTCUSDT: $106250.00 | Объем 24ч: $31,228,286
2025-06-13 12:06:22,165 - __main__ - INFO - 📈 BTCUSDT: $106300.00 | Объем 24ч: $31,251,984
2025-06-13 12:06:52,391 - __main__ - INFO - 📈 BTCUSDT: $107452.00 | Объем 24ч: $31,264,801
2025-06-13 12:07:22,659 - __main__ - INFO - 📈 BTCUSDT: $106266.70 | Объем 24ч: $31,275,677
2025-06-13 12:07:52,896 - __main__ - INFO - 📈 BTCUSDT: $106560.80 | Объем 24ч: $31,271,894
2025-06-13 12:08:23,125 - __main__ - INFO - 📈 BTCUSDT: $106400.00 | Объем 24ч: $31,272,107
2025-06-13 12:08:53,355 - __main__ - INFO - 📈 BTCUSDT: $106400.00 | Объем 24ч: $31,266,605
2025-06-13 12:09:23,574 - __main__ - INFO - 📈 BTCUSDT: $106533.40 | Объем 24ч: $31,262,847
2025-06-13 12:09:53,833 - __main__ - INFO - 📈 BTCUSDT: $106430.40 | Объем 24ч: $31,264,445
2025-06-13 12:10:24,069 - __main__ - INFO - 📈 BTCUSDT: $106430.40 | Объем 24ч: $31,264,445
2025-06-13 12:10:54,306 - __main__ - INFO - 📈 BTCUSDT: $106266.70 | Объем 24ч: $31,260,380
2025-06-13 12:11:24,542 - __main__ - INFO - 📈 BTCUSDT: $106250.00 | Объем 24ч: $31,260,593
2025-06-13 12:11:54,779 - __main__ - INFO - 📈 BTCUSDT: $106642.20 | Объем 24ч: $31,205,768
2025-06-13 12:12:25,017 - __main__ - INFO - 📈 BTCUSDT: $106642.20 | Объем 24ч: $31,196,810
2025-06-13 12:12:55,604 - __main__ - INFO - 📈 BTCUSDT: $106533.40 | Объем 24ч: $31,197,236
2025-06-13 12:13:25,842 - __main__ - INFO - 📈 BTCUSDT: $106734.30 | Объем 24ч: $31,197,663
2025-06-13 12:13:56,371 - __main__ - INFO - 📈 BTCUSDT: $106800.00 | Объем 24ч: $31,193,868
2025-06-13 12:14:17,249 - __main__ - INFO - 👋 Бот остановлен
2025-06-13 12:14:19,519 - __main__ - INFO - 🤖 Инициализация бота
2025-06-13 12:14:19,519 - __main__ - INFO - 📊 Торговая пара: BTCUSDT
2025-06-13 12:14:19,519 - __main__ - INFO - 🔧 Режим: TESTNET
2025-06-13 12:14:19,519 - __main__ - INFO - 🚀 Запуск Crypto Trading Bot (упрощенная версия)
2025-06-13 12:14:19,884 - __main__ - INFO - 🔍 Проверка подключения к Bybit...
2025-06-13 12:14:26,523 - __main__ - INFO - ✅ Подключение успешно!
2025-06-13 12:14:26,524 - __main__ - INFO - 💰 Баланс USDT: 10000.00 (доступно: 10000.00)
2025-06-13 12:14:26,531 - __main__ - INFO - 📊 Начинаем мониторинг рынка...
2025-06-13 12:14:31,366 - __main__ - INFO - 📈 BTCUSDT: $107000.00 | Объем 24ч: $31,192,090
2025-06-13 12:15:01,617 - __main__ - INFO - 📈 BTCUSDT: $106750.00 | Объем 24ч: $31,194,014
2025-06-13 12:15:32,088 - __main__ - INFO - 📈 BTCUSDT: $107017.50 | Объем 24ч: $31,185,620
2025-06-13 12:16:02,332 - __main__ - INFO - 📈 BTCUSDT: $107000.00 | Объем 24ч: $31,189,691
2025-06-13 12:16:32,563 - __main__ - INFO - 📈 BTCUSDT: $107200.00 | Объем 24ч: $31,190,334
2025-06-13 12:17:02,803 - __main__ - INFO - 📈 BTCUSDT: $106750.00 | Объем 24ч: $31,192,651
2025-06-13 12:17:33,088 - __main__ - INFO - 📈 BTCUSDT: $106500.00 | Объем 24ч: $31,189,034
2025-06-13 12:18:03,332 - __main__ - INFO - 📈 BTCUSDT: $106800.00 | Объем 24ч: $31,189,995
2025-06-13 12:18:09,985 - __main__ - INFO - 👋 Бот остановлен
2025-06-13 14:23:33,515 - __main__ - INFO - Активные пары: ['BTCUSDT', 'ETHUSDT', 'BNBUSDT', 'SOLUSDT']
2025-06-13 14:23:33,683 - httpx - INFO - HTTP Request: POST https://api.telegram.org/bot7821491963:AAHHT3nGM4qhn8FQu1goYXZN6TQ9h7l1WQ8/sendMessage "HTTP/1.1 200 OK"
2025-06-13 14:23:33,685 - __main__ - INFO - Бот запущен
