
2025-06-13 16:35:12,096 - src.core.bot_manager - INFO - Загружено позиций: 0, активных пар: 8
2025-06-13 16:35:12,097 - __main__ - INFO - ==================================================
2025-06-13 16:35:12,097 - __main__ - INFO - 🤖 Crypto Trading Bot v3.0
2025-06-13 16:35:12,097 - __main__ - INFO - ==================================================
2025-06-13 16:35:12,097 - __main__ - INFO - 🚀 Запуск торгового бота...
2025-06-13 16:35:12,265 - httpx - INFO - HTTP Request: POST https://api.telegram.org/bot7821491963:AAHHT3nGM4qhn8FQu1goYXZN6TQ9h7l1WQ8/sendMessage "HTTP/1.1 200 OK"
2025-06-13 16:35:12,267 - src.core.bot_manager - INFO - Бот успешно запущен
2025-06-13 16:35:12,267 - src.core.bot_manager - INFO - Запуск основного торгового цикла
2025-06-13 16:35:34,039 - __main__ - INFO - Получен сигнал 2, инициируем остановку...
2025-06-13 16:35:34,140 - __main__ - INFO - 🛑 Остановка бота...
2025-06-13 16:35:40,724 - httpx - INFO - HTTP Request: POST https://api.telegram.org/bot7821491963:AAHHT3nGM4qhn8FQu1goYXZN6TQ9h7l1WQ8/sendMessage "HTTP/1.1 200 OK"
2025-06-13 16:35:40,725 - src.core.bot_manager - INFO - Бот успешно остановлен
2025-06-13 16:35:40,725 - __main__ - INFO - 👋 Бот остановлен
2025-06-13 16:49:38,535 - src.core.bot_manager - INFO - Загружено позиций: 0, активных пар: 8
2025-06-13 16:49:38,537 - __main__ - INFO - ==================================================
2025-06-13 16:49:38,537 - __main__ - INFO - 🤖 Crypto Trading Bot v3.0
2025-06-13 16:49:38,537 - __main__ - INFO - ==================================================
2025-06-13 16:49:38,538 - __main__ - INFO - 🚀 Запуск торгового бота...
2025-06-13 16:49:38,707 - httpx - INFO - HTTP Request: POST https://api.telegram.org/bot7821491963:AAHHT3nGM4qhn8FQu1goYXZN6TQ9h7l1WQ8/sendMessage "HTTP/1.1 200 OK"
2025-06-13 16:49:38,709 - src.core.bot_manager - INFO - Бот успешно запущен
2025-06-13 16:49:38,709 - src.core.bot_manager - INFO - Запуск основного торгового цикла
2025-06-13 16:49:47,164 - __main__ - INFO - Получен сигнал 2, инициируем остановку...
2025-06-13 16:49:48,302 - __main__ - INFO - 🛑 Остановка бота...
2025-06-13 16:49:51,795 - __main__ - INFO - Получен сигнал 2, инициируем остановку...
2025-06-13 16:49:53,741 - __main__ - INFO - Получен сигнал 2, инициируем остановку...
2025-06-13 16:49:53,947 - __main__ - INFO - Получен сигнал 2, инициируем остановку...
2025-06-13 16:49:54,115 - __main__ - INFO - Получен сигнал 2, инициируем остановку...
2025-06-13 16:50:07,031 - httpx - INFO - HTTP Request: POST https://api.telegram.org/bot7821491963:AAHHT3nGM4qhn8FQu1goYXZN6TQ9h7l1WQ8/sendMessage "HTTP/1.1 200 OK"
2025-06-13 16:50:07,032 - src.core.bot_manager - INFO - Бот успешно остановлен
2025-06-13 16:50:07,032 - __main__ - INFO - 👋 Бот остановлен
2025-06-13 16:54:18,131 - src.core.bot_manager - INFO - Загружено позиций: 0, активных пар: 8
2025-06-13 16:54:18,132 - __main__ - INFO - ==================================================
2025-06-13 16:54:18,132 - __main__ - INFO - 🤖 Crypto Trading Bot v3.0
2025-06-13 16:54:18,132 - __main__ - INFO - ==================================================
2025-06-13 16:54:18,132 - __main__ - INFO - 🚀 Запуск торгового бота...
2025-06-13 16:54:18,336 - httpx - INFO - HTTP Request: POST https://api.telegram.org/bot7821491963:AAHHT3nGM4qhn8FQu1goYXZN6TQ9h7l1WQ8/sendMessage "HTTP/1.1 200 OK"
2025-06-13 16:54:18,337 - src.core.bot_manager - INFO - Бот успешно запущен
2025-06-13 16:54:18,337 - src.core.bot_manager - INFO - Запуск основного торгового цикла
2025-06-13 16:54:32,287 - __main__ - INFO - 📡 Получен сигнал 2, инициируем graceful shutdown...
2025-06-13 16:54:33,206 - __main__ - INFO - 🛑 Получен сигнал остановки, инициируем shutdown...
2025-06-13 16:54:33,206 - __main__ - INFO - 🛑 Остановка бота...
2025-06-13 16:54:33,206 - src.core.bot_manager - INFO - 🛑 Инициируем остановку бота...
2025-06-13 16:54:38,208 - src.core.bot_manager - INFO - 🛑 Основной цикл отменен
2025-06-13 16:54:38,209 - src.core.bot_manager - INFO - 🏁 Основной торговый цикл завершен
2025-06-13 16:54:38,209 - src.core.bot_manager - INFO - ✅ Основная задача завершена корректно
2025-06-13 16:54:38,392 - httpx - INFO - HTTP Request: POST https://api.telegram.org/bot7821491963:AAHHT3nGM4qhn8FQu1goYXZN6TQ9h7l1WQ8/sendMessage "HTTP/1.1 200 OK"
2025-06-13 16:54:38,393 - src.core.bot_manager - INFO - ✅ Бот успешно остановлен
2025-06-13 16:54:38,393 - __main__ - INFO - ✅ Бот остановлен корректно
2025-06-13 16:54:38,393 - __main__ - INFO - 👋 Завершение программы
2025-06-13 16:54:56,359 - src.core.bot_manager - INFO - Загружено позиций: 0, активных пар: 8
2025-06-13 16:54:56,360 - __main__ - INFO - ==================================================
2025-06-13 16:54:56,360 - __main__ - INFO - 🤖 Crypto Trading Bot v3.0
2025-06-13 16:54:56,360 - __main__ - INFO - ==================================================
2025-06-13 16:54:56,360 - __main__ - INFO - 🚀 Запуск торгового бота...
2025-06-13 16:54:56,534 - httpx - INFO - HTTP Request: POST https://api.telegram.org/bot7821491963:AAHHT3nGM4qhn8FQu1goYXZN6TQ9h7l1WQ8/sendMessage "HTTP/1.1 200 OK"
2025-06-13 16:54:56,535 - src.core.bot_manager - INFO - Бот успешно запущен
2025-06-13 16:54:56,535 - src.core.bot_manager - INFO - Запуск основного торгового цикла
2025-06-13 16:55:01,980 - __main__ - INFO - 📡 Получен сигнал 2, инициируем graceful shutdown...
2025-06-13 16:55:01,982 - __main__ - INFO - 🛑 Получен сигнал остановки, инициируем shutdown...
2025-06-13 16:55:01,982 - __main__ - INFO - 🛑 Остановка бота...
2025-06-13 16:55:01,982 - src.core.bot_manager - INFO - 🛑 Инициируем остановку бота...
2025-06-13 16:55:06,984 - src.core.bot_manager - INFO - 🛑 Основной цикл отменен
2025-06-13 16:55:06,985 - src.core.bot_manager - INFO - 🏁 Основной торговый цикл завершен
2025-06-13 16:55:06,985 - src.core.bot_manager - INFO - ✅ Основная задача завершена корректно
2025-06-13 16:55:07,239 - httpx - INFO - HTTP Request: POST https://api.telegram.org/bot7821491963:AAHHT3nGM4qhn8FQu1goYXZN6TQ9h7l1WQ8/sendMessage "HTTP/1.1 200 OK"
2025-06-13 16:55:07,240 - src.core.bot_manager - INFO - ✅ Бот успешно остановлен
2025-06-13 16:55:07,240 - __main__ - INFO - ✅ Бот остановлен корректно
2025-06-13 16:55:07,240 - __main__ - INFO - 👋 Завершение программы
2025-06-13 16:57:07,397 - src.core.bot_manager - INFO - Загружено позиций: 0, активных пар: 8
2025-06-13 16:57:07,398 - __main__ - INFO - ==================================================
2025-06-13 16:57:07,398 - __main__ - INFO - 🤖 Crypto Trading Bot v3.0
2025-06-13 16:57:07,398 - __main__ - INFO - ==================================================
2025-06-13 16:57:07,398 - __main__ - INFO - 🚀 Запуск торгового бота...
2025-06-13 16:57:07,658 - httpx - INFO - HTTP Request: POST https://api.telegram.org/bot7821491963:AAHHT3nGM4qhn8FQu1goYXZN6TQ9h7l1WQ8/sendMessage "HTTP/1.1 200 OK"
2025-06-13 16:57:07,660 - src.core.bot_manager - INFO - Бот успешно запущен
2025-06-13 16:57:07,660 - src.core.bot_manager - INFO - Запуск основного торгового цикла
2025-06-13 16:57:13,733 - __main__ - INFO - 📡 Получен сигнал 2, инициируем graceful shutdown...
2025-06-13 16:57:13,740 - __main__ - INFO - 🛑 Получен сигнал остановки, инициируем shutdown...
2025-06-13 16:57:13,741 - __main__ - INFO - 🛑 Остановка бота...
2025-06-13 16:57:13,741 - src.core.bot_manager - INFO - 🛑 Инициируем остановку бота...
2025-06-13 16:57:18,744 - src.core.bot_manager - INFO - 🛑 Основной цикл отменен
2025-06-13 16:57:18,744 - src.core.bot_manager - INFO - 🏁 Основной торговый цикл завершен
2025-06-13 16:57:18,744 - src.core.bot_manager - INFO - ✅ Основная задача завершена корректно
2025-06-13 16:57:18,967 - httpx - INFO - HTTP Request: POST https://api.telegram.org/bot7821491963:AAHHT3nGM4qhn8FQu1goYXZN6TQ9h7l1WQ8/sendMessage "HTTP/1.1 200 OK"
2025-06-13 16:57:18,968 - src.core.bot_manager - INFO - ✅ Бот успешно остановлен
2025-06-13 16:57:18,968 - __main__ - INFO - ✅ Бот остановлен корректно
2025-06-13 16:57:18,968 - __main__ - INFO - 👋 Завершение программы
2025-06-13 17:19:26,256 - src.core.bot_manager - INFO - Загружено позиций: 0, активных пар: 8
2025-06-13 17:19:26,257 - __main__ - INFO - ==================================================
2025-06-13 17:19:26,257 - __main__ - INFO - 🤖 Crypto Trading Bot v3.0
2025-06-13 17:19:26,257 - __main__ - INFO - ==================================================
2025-06-13 17:19:26,257 - __main__ - INFO - 🚀 Запуск торгового бота...
2025-06-13 17:19:26,425 - httpx - INFO - HTTP Request: POST https://api.telegram.org/bot7821491963:AAHHT3nGM4qhn8FQu1goYXZN6TQ9h7l1WQ8/sendMessage "HTTP/1.1 200 OK"
2025-06-13 17:19:26,426 - src.core.bot_manager - INFO - Бот успешно запущен
2025-06-13 17:19:26,427 - src.core.bot_manager - INFO - Запуск основного торгового цикла
2025-06-13 17:41:27,225 - src.core.bot_manager - INFO - Загружено позиций: 0, активных пар: 8
2025-06-13 17:41:27,226 - __main__ - INFO - ==================================================
2025-06-13 17:41:27,226 - __main__ - INFO - 🤖 Crypto Trading Bot v3.0
2025-06-13 17:41:27,226 - __main__ - INFO - ==================================================
2025-06-13 17:41:27,226 - __main__ - INFO - 🚀 Запуск торгового бота...
2025-06-13 17:41:27,418 - httpx - INFO - HTTP Request: POST https://api.telegram.org/bot7821491963:AAHHT3nGM4qhn8FQu1goYXZN6TQ9h7l1WQ8/sendMessage "HTTP/1.1 200 OK"
2025-06-13 17:41:27,419 - src.core.bot_manager - INFO - Бот успешно запущен
2025-06-13 17:41:27,419 - src.core.bot_manager - INFO - Запуск основного торгового цикла
2025-06-13 17:41:47,768 - src.core.bot_manager - INFO - Загружено позиций: 0, активных пар: 8
2025-06-13 17:41:47,768 - __main__ - INFO - ==================================================
2025-06-13 17:41:47,768 - __main__ - INFO - 🤖 Crypto Trading Bot v3.0
2025-06-13 17:41:47,768 - __main__ - INFO - ==================================================
2025-06-13 17:41:47,769 - __main__ - INFO - 🚀 Запуск торгового бота...
2025-06-13 17:41:47,949 - httpx - INFO - HTTP Request: POST https://api.telegram.org/bot7821491963:AAHHT3nGM4qhn8FQu1goYXZN6TQ9h7l1WQ8/sendMessage "HTTP/1.1 200 OK"
2025-06-13 17:41:47,951 - src.core.bot_manager - INFO - Бот успешно запущен
2025-06-13 17:41:47,951 - src.core.bot_manager - INFO - Запуск основного торгового цикла
2025-06-13 17:47:48,611 - src.core.bot_manager - INFO - Загружено позиций: 0, активных пар: 8
2025-06-13 17:47:48,612 - __main__ - INFO - ==================================================
2025-06-13 17:47:48,612 - __main__ - INFO - 🤖 Crypto Trading Bot v3.0
2025-06-13 17:47:48,612 - __main__ - INFO - ==================================================
2025-06-13 17:47:48,612 - __main__ - INFO - 🚀 Запуск торгового бота...
2025-06-13 17:47:48,777 - httpx - INFO - HTTP Request: POST https://api.telegram.org/bot7821491963:AAHHT3nGM4qhn8FQu1goYXZN6TQ9h7l1WQ8/sendMessage "HTTP/1.1 200 OK"
2025-06-13 17:47:48,778 - src.core.bot_manager - INFO - Бот успешно запущен
2025-06-13 17:47:48,779 - src.core.bot_manager - INFO - Запуск основного торгового цикла
2025-06-13 17:48:18,809 - src.core.bot_manager - INFO - Загружено позиций: 0, активных пар: 8
2025-06-13 17:48:18,810 - __main__ - INFO - ==================================================
2025-06-13 17:48:18,810 - __main__ - INFO - 🤖 Crypto Trading Bot v3.0
2025-06-13 17:48:18,810 - __main__ - INFO - ==================================================
2025-06-13 17:48:18,810 - __main__ - INFO - 🚀 Запуск торгового бота...
2025-06-13 17:48:19,004 - httpx - INFO - HTTP Request: POST https://api.telegram.org/bot7821491963:AAHHT3nGM4qhn8FQu1goYXZN6TQ9h7l1WQ8/sendMessage "HTTP/1.1 200 OK"
2025-06-13 17:48:19,005 - src.core.bot_manager - INFO - Бот успешно запущен
2025-06-13 17:48:19,005 - src.core.bot_manager - INFO - Запуск основного торгового цикла
2025-06-13 17:54:55,834 - src.core.bot_manager - INFO - Загружено позиций: 0, активных пар: 8
2025-06-13 17:54:55,836 - __main__ - INFO - ==================================================
2025-06-13 17:54:55,836 - __main__ - INFO - 🤖 Crypto Trading Bot v3.0
2025-06-13 17:54:55,836 - __main__ - INFO - ==================================================
2025-06-13 17:54:55,836 - __main__ - INFO - 🚀 Запуск торгового бота...
2025-06-13 17:54:56,007 - httpx - INFO - HTTP Request: POST https://api.telegram.org/bot7821491963:AAHHT3nGM4qhn8FQu1goYXZN6TQ9h7l1WQ8/sendMessage "HTTP/1.1 200 OK"
2025-06-13 17:54:56,009 - src.core.bot_manager - INFO - Бот успешно запущен
2025-06-13 17:54:56,009 - src.core.bot_manager - INFO - Запуск основного торгового цикла
2025-06-13 18:05:47,903 - __main__ - INFO - 📡 Получен сигнал 15, инициируем graceful shutdown...
2025-06-13 18:05:47,903 - __main__ - INFO - 📡 Получен сигнал 15, инициируем graceful shutdown...
2025-06-13 18:05:47,903 - __main__ - INFO - 📡 Получен сигнал 15, инициируем graceful shutdown...
2025-06-13 18:05:47,904 - __main__ - INFO - 📡 Получен сигнал 15, инициируем graceful shutdown...
2025-06-13 18:05:47,904 - __main__ - INFO - 📡 Получен сигнал 15, инициируем graceful shutdown...
2025-06-13 18:05:47,904 - __main__ - INFO - 📡 Получен сигнал 15, инициируем graceful shutdown...
2025-06-13 18:05:48,100 - __main__ - INFO - 🛑 Получен сигнал остановки, инициируем shutdown...
2025-06-13 18:05:48,100 - __main__ - INFO - 🛑 Остановка бота...
2025-06-13 18:05:48,100 - src.core.bot_manager - INFO - 🛑 Инициируем остановку бота...
2025-06-13 18:05:48,181 - __main__ - INFO - 🛑 Получен сигнал остановки, инициируем shutdown...
2025-06-13 18:05:48,181 - __main__ - INFO - 🛑 Остановка бота...
2025-06-13 18:05:48,182 - src.core.bot_manager - INFO - 🛑 Инициируем остановку бота...
2025-06-13 18:05:48,241 - __main__ - INFO - 🛑 Получен сигнал остановки, инициируем shutdown...
2025-06-13 18:05:48,241 - __main__ - INFO - 🛑 Остановка бота...
2025-06-13 18:05:48,242 - src.core.bot_manager - INFO - 🛑 Инициируем остановку бота...
2025-06-13 18:05:48,322 - __main__ - INFO - 🛑 Получен сигнал остановки, инициируем shutdown...
2025-06-13 18:05:48,323 - __main__ - INFO - 🛑 Остановка бота...
2025-06-13 18:05:48,323 - src.core.bot_manager - INFO - 🛑 Инициируем остановку бота...
2025-06-13 18:05:48,414 - src.core.bot_manager - INFO - 🛑 Получен сигнал остановки в основном цикле
2025-06-13 18:05:48,414 - src.core.bot_manager - INFO - 🏁 Основной торговый цикл завершен
2025-06-13 18:05:48,414 - src.core.bot_manager - INFO - ✅ Основная задача завершена корректно
2025-06-13 18:05:48,645 - src.core.bot_manager - INFO - 🛑 Получен сигнал остановки в основном цикле
2025-06-13 18:05:48,646 - src.core.bot_manager - INFO - 🏁 Основной торговый цикл завершен
2025-06-13 18:05:48,646 - src.core.bot_manager - INFO - ✅ Основная задача завершена корректно
2025-06-13 18:05:48,721 - __main__ - INFO - 🛑 Получен сигнал остановки, инициируем shutdown...
2025-06-13 18:05:48,721 - __main__ - INFO - 🛑 Остановка бота...
2025-06-13 18:05:48,721 - src.core.bot_manager - INFO - 🛑 Инициируем остановку бота...
2025-06-13 18:05:48,723 - __main__ - INFO - 🛑 Получен сигнал остановки, инициируем shutdown...
2025-06-13 18:05:48,723 - __main__ - INFO - 🛑 Остановка бота...
2025-06-13 18:05:48,723 - src.core.bot_manager - INFO - 🛑 Инициируем остановку бота...
2025-06-13 18:05:48,729 - httpx - INFO - HTTP Request: POST https://api.telegram.org/bot7821491963:AAHHT3nGM4qhn8FQu1goYXZN6TQ9h7l1WQ8/sendMessage "HTTP/1.1 200 OK"
2025-06-13 18:05:48,730 - src.core.bot_manager - INFO - ✅ Бот успешно остановлен
2025-06-13 18:05:48,730 - __main__ - INFO - ✅ Бот остановлен корректно
2025-06-13 18:05:48,730 - __main__ - INFO - 👋 Завершение программы
2025-06-13 18:05:48,866 - httpx - INFO - HTTP Request: POST https://api.telegram.org/bot7821491963:AAHHT3nGM4qhn8FQu1goYXZN6TQ9h7l1WQ8/sendMessage "HTTP/1.1 200 OK"
2025-06-13 18:05:48,867 - src.core.bot_manager - INFO - ✅ Бот успешно остановлен
2025-06-13 18:05:48,867 - __main__ - INFO - ✅ Бот остановлен корректно
2025-06-13 18:05:48,867 - __main__ - INFO - 👋 Завершение программы
2025-06-13 18:05:49,183 - src.core.bot_manager - INFO - 🛑 Получен сигнал остановки в основном цикле
2025-06-13 18:05:49,183 - src.core.bot_manager - INFO - 🏁 Основной торговый цикл завершен
2025-06-13 18:05:49,183 - src.core.bot_manager - INFO - ✅ Основная задача завершена корректно
2025-06-13 18:05:49,353 - httpx - INFO - HTTP Request: POST https://api.telegram.org/bot7821491963:AAHHT3nGM4qhn8FQu1goYXZN6TQ9h7l1WQ8/sendMessage "HTTP/1.1 200 OK"
2025-06-13 18:05:49,354 - src.core.bot_manager - INFO - ✅ Бот успешно остановлен
2025-06-13 18:05:49,354 - __main__ - INFO - ✅ Бот остановлен корректно
2025-06-13 18:05:49,354 - __main__ - INFO - 👋 Завершение программы
2025-06-13 18:05:49,723 - src.core.bot_manager - INFO - 🛑 Получен сигнал остановки в основном цикле
2025-06-13 18:05:49,723 - src.core.bot_manager - INFO - 🏁 Основной торговый цикл завершен
2025-06-13 18:05:49,723 - src.core.bot_manager - INFO - ✅ Основная задача завершена корректно
2025-06-13 18:05:49,724 - src.core.bot_manager - INFO - 🛑 Получен сигнал остановки в основном цикле
2025-06-13 18:05:49,724 - src.core.bot_manager - INFO - 🏁 Основной торговый цикл завершен
2025-06-13 18:05:49,724 - src.core.bot_manager - INFO - ✅ Основная задача завершена корректно
2025-06-13 18:05:49,903 - httpx - INFO - HTTP Request: POST https://api.telegram.org/bot7821491963:AAHHT3nGM4qhn8FQu1goYXZN6TQ9h7l1WQ8/sendMessage "HTTP/1.1 200 OK"
2025-06-13 18:05:49,904 - src.core.bot_manager - INFO - ✅ Бот успешно остановлен
2025-06-13 18:05:49,904 - __main__ - INFO - ✅ Бот остановлен корректно
2025-06-13 18:05:49,905 - __main__ - INFO - 👋 Завершение программы
2025-06-13 18:05:49,925 - httpx - INFO - HTTP Request: POST https://api.telegram.org/bot7821491963:AAHHT3nGM4qhn8FQu1goYXZN6TQ9h7l1WQ8/sendMessage "HTTP/1.1 200 OK"
2025-06-13 18:05:49,926 - src.core.bot_manager - INFO - ✅ Бот успешно остановлен
2025-06-13 18:05:49,926 - __main__ - INFO - ✅ Бот остановлен корректно
2025-06-13 18:05:49,926 - __main__ - INFO - 👋 Завершение программы
2025-06-13 18:05:53,243 - src.core.bot_manager - INFO - 🛑 Основной цикл отменен
2025-06-13 18:05:53,243 - src.core.bot_manager - INFO - 🏁 Основной торговый цикл завершен
2025-06-13 18:05:53,243 - src.core.bot_manager - INFO - ✅ Основная задача завершена корректно
2025-06-13 18:05:56,250 - src.core.bot_manager - WARNING - ⚠️ Таймаут отправки уведомления об остановке
2025-06-13 18:05:56,251 - src.core.bot_manager - INFO - ✅ Бот успешно остановлен
2025-06-13 18:05:56,251 - __main__ - INFO - ✅ Бот остановлен корректно
2025-06-13 18:05:56,251 - __main__ - INFO - 👋 Завершение программы
2025-06-13 18:14:47,820 - src.core.bot_manager - INFO - Загружено позиций: 0, активных пар: 8
2025-06-13 18:14:47,821 - __main__ - INFO - ==================================================
2025-06-13 18:14:47,821 - __main__ - INFO - 🤖 Crypto Trading Bot v3.0
2025-06-13 18:14:47,821 - __main__ - INFO - ==================================================
2025-06-13 18:14:47,821 - __main__ - INFO - 🚀 Запуск торгового бота...
2025-06-13 18:14:48,020 - httpx - INFO - HTTP Request: POST https://api.telegram.org/bot7821491963:AAHHT3nGM4qhn8FQu1goYXZN6TQ9h7l1WQ8/sendMessage "HTTP/1.1 200 OK"
2025-06-13 18:14:48,021 - src.core.bot_manager - INFO - Бот успешно запущен
2025-06-13 18:14:48,021 - src.core.bot_manager - INFO - Запуск основного торгового цикла
2025-06-13 18:16:40,746 - src.core.bot_manager - INFO - Загружено позиций: 0, активных пар: 8
2025-06-13 18:16:40,747 - __main__ - INFO - ==================================================
2025-06-13 18:16:40,747 - __main__ - INFO - 🤖 Crypto Trading Bot v3.0
2025-06-13 18:16:40,747 - __main__ - INFO - ==================================================
2025-06-13 18:16:40,748 - __main__ - INFO - 🚀 Запуск торгового бота...
2025-06-13 18:16:40,915 - httpx - INFO - HTTP Request: POST https://api.telegram.org/bot7821491963:AAHHT3nGM4qhn8FQu1goYXZN6TQ9h7l1WQ8/sendMessage "HTTP/1.1 200 OK"
2025-06-13 18:16:40,916 - src.core.bot_manager - INFO - Бот успешно запущен
2025-06-13 18:16:40,916 - src.core.bot_manager - INFO - Запуск основного торгового цикла
